TN:
SF:/home/mark/repos/vue-rangedate-picker/src/js/rangedate-picker.js
FN:50,(anonymous_0)
FN:52,(anonymous_1)
FN:65,(anonymous_2)
FN:78,(anonymous_3)
FN:91,(anonymous_4)
FN:104,(anonymous_5)
FN:125,(anonymous_6)
FN:133,(anonymous_7)
FN:137,(anonymous_8)
FN:142,(anonymous_9)
FN:150,(anonymous_10)
FN:154,(anonymous_11)
FN:166,(anonymous_12)
FN:200,(anonymous_13)
FN:205,(anonymous_14)
FN:208,(anonymous_15)
FN:211,(anonymous_16)
FN:214,(anonymous_17)
FN:217,(anonymous_18)
FN:220,(anonymous_19)
FN:223,(anonymous_20)
FN:226,(anonymous_21)
FN:229,(anonymous_22)
FN:242,(anonymous_23)
FN:245,(anonymous_24)
FN:250,(anonymous_25)
FN:259,(anonymous_26)
FN:266,(anonymous_27)
FN:364,(anonymous_28)
FNF:29
FNH:0
FNDA:0,(anonymous_0)
FNDA:0,(anonymous_1)
FNDA:0,(anonymous_2)
FNDA:0,(anonymous_3)
FNDA:0,(anonymous_4)
FNDA:0,(anonymous_5)
FNDA:0,(anonymous_6)
FNDA:0,(anonymous_7)
FNDA:0,(anonymous_8)
FNDA:0,(anonymous_9)
FNDA:0,(anonymous_10)
FNDA:0,(anonymous_11)
FNDA:0,(anonymous_12)
FNDA:0,(anonymous_13)
FNDA:0,(anonymous_14)
FNDA:0,(anonymous_15)
FNDA:0,(anonymous_16)
FNDA:0,(anonymous_17)
FNDA:0,(anonymous_18)
FNDA:0,(anonymous_19)
FNDA:0,(anonymous_20)
FNDA:0,(anonymous_21)
FNDA:0,(anonymous_22)
FNDA:0,(anonymous_23)
FNDA:0,(anonymous_24)
FNDA:0,(anonymous_25)
FNDA:0,(anonymous_26)
FNDA:0,(anonymous_27)
FNDA:0,(anonymous_28)
DA:3,1
DA:4,1
DA:5,1
DA:12,1
DA:17,1
DA:34,1
DA:39,1
DA:50,1
DA:51,0
DA:53,0
DA:54,0
DA:55,0
DA:56,0
DA:66,0
DA:67,0
DA:68,0
DA:69,0
DA:79,0
DA:80,0
DA:81,0
DA:82,0
DA:92,0
DA:93,0
DA:94,0
DA:95,0
DA:105,0
DA:106,0
DA:107,0
DA:108,0
DA:125,0
DA:133,0
DA:137,0
DA:142,0
DA:154,0
DA:166,0
DA:178,0
DA:191,0
DA:192,0
DA:194,0
DA:195,0
DA:197,0
DA:201,0
DA:206,0
DA:209,0
DA:212,0
DA:215,0
DA:218,0
DA:221,0
DA:224,0
DA:227,0
DA:230,0
DA:231,0
DA:232,0
DA:233,0
DA:234,0
DA:235,0
DA:236,0
DA:238,0
DA:240,0
DA:243,0
DA:246,0
DA:251,0
DA:252,0
DA:253,0
DA:255,0
DA:256,0
DA:257,0
DA:260,0
DA:261,0
DA:263,0
DA:264,0
DA:267,0
DA:268,0
DA:271,0
DA:273,0
DA:276,0
DA:277,0
DA:278,0
DA:279,0
DA:281,0
DA:283,0
DA:284,0
DA:285,0
DA:286,0
DA:290,0
DA:291,0
DA:292,0
DA:295,0
DA:296,0
DA:298,0
DA:299,0
DA:300,0
DA:301,0
DA:306,0
DA:307,0
DA:309,0
DA:310,0
DA:314,0
DA:315,0
DA:317,0
DA:318,0
DA:319,0
DA:321,0
DA:323,0
DA:327,0
DA:328,0
DA:330,0
DA:331,0
DA:332,0
DA:334,0
DA:336,0
DA:340,0
DA:342,0
DA:345,0
DA:346,0
DA:347,0
DA:348,0
DA:351,0
DA:352,0
DA:353,0
DA:354,0
DA:357,0
DA:358,0
DA:360,0
DA:361,0
DA:362,0
DA:365,0
DA:366,0
DA:367,0
LF:129
LH:8
BRDA:50,0,0,0
BRDA:191,1,0,0
BRDA:191,1,1,0
BRDA:194,2,0,0
BRDA:194,2,1,0
BRDA:197,3,0,0
BRDA:197,3,1,0
BRDA:201,4,0,0
BRDA:201,4,1,0
BRDA:206,5,0,0
BRDA:206,5,1,0
BRDA:209,6,0,0
BRDA:209,6,1,0
BRDA:227,7,0,0
BRDA:227,7,1,0
BRDA:231,8,0,0
BRDA:231,8,1,0
BRDA:235,9,0,0
BRDA:235,9,1,0
BRDA:251,10,0,0
BRDA:251,10,1,0
BRDA:259,11,0,0
BRDA:260,12,0,0
BRDA:260,12,1,0
BRDA:273,13,0,0
BRDA:273,13,1,0
BRDA:273,14,0,0
BRDA:273,14,1,0
BRDA:278,15,0,0
BRDA:278,15,1,0
BRDA:284,16,0,0
BRDA:284,16,1,0
BRDA:284,17,0,0
BRDA:284,17,1,0
BRDA:298,18,0,0
BRDA:298,18,1,0
BRDA:298,19,0,0
BRDA:298,19,1,0
BRDA:300,20,0,0
BRDA:300,20,1,0
BRDA:309,21,0,0
BRDA:309,21,1,0
BRDA:309,22,0,0
BRDA:309,22,1,0
BRDA:315,23,0,0
BRDA:315,23,1,0
BRDA:315,24,0,0
BRDA:315,24,1,0
BRDA:318,25,0,0
BRDA:318,25,1,0
BRDA:323,26,0,0
BRDA:323,26,1,0
BRDA:323,26,2,0
BRDA:323,26,3,0
BRDA:328,27,0,0
BRDA:328,27,1,0
BRDA:328,28,0,0
BRDA:328,28,1,0
BRDA:331,29,0,0
BRDA:331,29,1,0
BRDA:336,30,0,0
BRDA:336,30,1,0
BRDA:336,30,2,0
BRDA:336,30,3,0
BRDA:342,31,0,0
BRDA:342,31,1,0
BRDA:366,32,0,0
BRDA:366,32,1,0
BRF:68
BRH:0
end_of_record
TN:
SF:/home/mark/repos/vue-rangedate-picker/src/index.js
FN:4,(anonymous_0)
FNF:1
FNH:1
FNDA:1,(anonymous_0)
DA:5,1
LF:1
LH:1
BRF:0
BRH:0
end_of_record
